
Connected to: Oracle Database 10g Express Edition Release 10.2.0.1.0 - Production

Export file created by EXPORT:V10.02.01 via conventional path
import done in WE8ISO8859P1 character set and AL16UTF16 NCHAR character set
import server uses WE8MSWIN1252 character set (possible charset conversion)
export client uses WE8MSWIN1252 character set (possible charset conversion)
. importing FIDELIZACION's objects into FIDELIZACION
. . importing table                        "AUTOR"          0 rows imported
. . importing table               "DETALLE_PEDIDO"         44 rows imported
. . importing table                 "EQUIVALENCIA"          9 rows imported
. . importing table                       "OPCION"         17 rows imported
. . importing table                       "PEDIDO"         23 rows imported
. . importing table                     "PRODUCTO"        105 rows imported
. . importing table                          "ROL"          7 rows imported
. . importing table                   "ROL_OPCION"         18 rows imported
. . importing table                     "SUCURSAL"          1 rows imported
. . importing table                "TIPO_PRODUCTO"          3 rows imported
. . importing table                      "USUARIO"          2 rows imported
. . importing table                  "USUARIO_ROL"          7 rows imported
About to enable constraints...
Import terminated successfully without warnings.
